FATAL [Thread-2] 2020-01-06 21:02:08,991 repast.simphony.ui.GUIScheduleRunner - RunTimeException when running the schedule
Current tick (74.0)
java.lang.RuntimeException: java.lang.reflect.InvocationTargetException
	at repast.simphony.engine.schedule.CallBackAction.execute(CallBackAction.java:129)
	at repast.simphony.engine.schedule.DefaultAction.execute(DefaultAction.java:38)
	at repast.simphony.engine.schedule.ScheduleGroup.executeList(ScheduleGroup.java:205)
	at repast.simphony.engine.schedule.ScheduleGroup.execute(ScheduleGroup.java:231)
	at repast.simphony.engine.schedule.Schedule.execute(Schedule.java:352)
	at repast.simphony.ui.GUIScheduleRunner$ScheduleLoopRunnable.run(GUIScheduleRunner.java:52)
	at java.base/java.lang.Thread.run(Thread.java:834)
Caused by: java.lang.reflect.InvocationTargetException
	at chord.TopologyBuilder$$FastClassByCGLIB$$c217647a.invoke(<generated>)
	at net.sf.cglib.reflect.FastMethod.invoke(FastMethod.java:53)
	at repast.simphony.engine.schedule.CallBackAction.execute(CallBackAction.java:127)
	... 6 more
Caused by: java.lang.ArrayIndexOutOfBoundsException: Index 0 out of bounds for length 0
	at java.base/java.util.concurrent.CopyOnWriteArrayList.elementAt(CopyOnWriteArrayList.java:386)
	at java.base/java.util.concurrent.CopyOnWriteArrayList.get(CopyOnWriteArrayList.java:399)
	at chord.Node.processSuccRequest(Node.java:201)
	at chord.Node.find_successor_step(Node.java:270)
	at chord.Node.join(Node.java:314)
	at chord.TopologyBuilder.join_new_nodes(TopologyBuilder.java:256)
	... 9 more
